<?xml version="1.0" encoding="UTF-8"?>
<testsuite name="Team9789.quizly_Spring.QuizlySpringApplicationTests" tests="1" skipped="0" failures="0" errors="0" timestamp="2024-07-08T13:49:26" hostname="YOO-MacBook-Pro.local" time="2.078">
  <properties/>
  <testcase name="contextLoads()" classname="Team9789.quizly_Spring.QuizlySpringApplicationTests" time="2.078"/>
  <system-out><![CDATA[22:49:23.840 [Test worker] INFO org.springframework.test.context.support.AnnotationConfigContextLoaderUtils -- Could not detect default configuration classes for test class [Team9789.quizly_Spring.QuizlySpringApplicationTests]: QuizlySpringApplicationTests does not declare any static, non-private, non-final, nested classes annotated with @Configuration.
22:49:23.893 [Test worker] INFO org.springframework.boot.test.context.SpringBootTestContextBootstrapper -- Found @SpringBootConfiguration Team9789.quizly_Spring.QuizlySpringApplication for test class Team9789.quizly_Spring.QuizlySpringApplicationTests

  .   ____          _            __ _ _
 /\\ / ___'_ __ _ _(_)_ __  __ _ \ \ \ \
( ( )\___ | '_ | '_| | '_ \/ _` | \ \ \ \
 \\/  ___)| |_)| | | | | || (_| |  ) ) ) )
  '  |____| .__|_| |_|_| |_\__, | / / / /
 =========|_|==============|___/=/_/_/_/

 :: Spring Boot ::                (v3.3.1)

2024-07-08T22:49:24.081+09:00  INFO 37858 --- [quizly-Spring] [    Test worker] T.q.QuizlySpringApplicationTests         : Starting QuizlySpringApplicationTests using Java 21.0.3 with PID 37858 (started by yooyeongwoo in /Users/yooyeongwoo/Git/team9789/quizly-Spring)
2024-07-08T22:49:24.082+09:00  INFO 37858 --- [quizly-Spring] [    Test worker] T.q.QuizlySpringApplicationTests         : No active profile set, falling back to 1 default profile: "default"
2024-07-08T22:49:24.438+09:00  INFO 37858 --- [quizly-Spring] [    Test worker] .s.d.r.c.RepositoryConfigurationDelegate : Bootstrapping Spring Data JPA repositories in DEFAULT mode.
2024-07-08T22:49:24.473+09:00  INFO 37858 --- [quizly-Spring] [    Test worker] .s.d.r.c.RepositoryConfigurationDelegate : Finished Spring Data repository scanning in 31 ms. Found 6 JPA repository interfaces.
2024-07-08T22:49:24.735+09:00  INFO 37858 --- [quizly-Spring] [    Test worker] o.hibernate.jpa.internal.util.LogHelper  : HHH000204: Processing PersistenceUnitInfo [name: default]
2024-07-08T22:49:24.760+09:00  INFO 37858 --- [quizly-Spring] [    Test worker] org.hibernate.Version                    : HHH000412: Hibernate ORM core version 6.5.2.Final
2024-07-08T22:49:24.776+09:00  INFO 37858 --- [quizly-Spring] [    Test worker] o.h.c.internal.RegionFactoryInitiator    : HHH000026: Second-level cache disabled
2024-07-08T22:49:24.927+09:00  INFO 37858 --- [quizly-Spring] [    Test worker] o.s.o.j.p.SpringPersistenceUnitInfo      : No LoadTimeWeaver setup: ignoring JPA class transformer
2024-07-08T22:49:24.941+09:00  INFO 37858 --- [quizly-Spring] [    Test worker] com.zaxxer.hikari.HikariDataSource       : HikariPool-1 - Starting...
2024-07-08T22:49:25.032+09:00  INFO 37858 --- [quizly-Spring] [    Test worker] com.zaxxer.hikari.pool.HikariPool        : HikariPool-1 - Added connection com.mysql.cj.jdbc.ConnectionImpl@11228bee
2024-07-08T22:49:25.034+09:00  INFO 37858 --- [quizly-Spring] [    Test worker] com.zaxxer.hikari.HikariDataSource       : HikariPool-1 - Start completed.
2024-07-08T22:49:25.070+09:00  WARN 37858 --- [quizly-Spring] [    Test worker] org.hibernate.orm.deprecation            : HHH90000025: MySQL8Dialect does not need to be specified explicitly using 'hibernate.dialect' (remove the property setting and it will be selected by default)
2024-07-08T22:49:25.071+09:00  WARN 37858 --- [quizly-Spring] [    Test worker] org.hibernate.orm.deprecation            : HHH90000026: MySQL8Dialect has been deprecated; use org.hibernate.dialect.MySQLDialect instead
2024-07-08T22:49:25.623+09:00  INFO 37858 --- [quizly-Spring] [    Test worker] o.h.e.t.j.p.i.JtaPlatformInitiator       : HHH000489: No JTA platform available (set 'hibernate.transaction.jta.platform' to enable JTA platform integration)
2024-07-08T22:49:25.712+09:00  INFO 37858 --- [quizly-Spring] [    Test worker] j.LocalContainerEntityManagerFactoryBean : Initialized JPA EntityManagerFactory for persistence unit 'default'
2024-07-08T22:49:25.967+09:00  WARN 37858 --- [quizly-Spring] [    Test worker] JpaBaseConfiguration$JpaWebConfiguration : spring.jpa.open-in-view is enabled by default. Therefore, database queries may be performed during view rendering. Explicitly configure spring.jpa.open-in-view to disable this warning
2024-07-08T22:49:25.980+09:00  INFO 37858 --- [quizly-Spring] [    Test worker] r$InitializeUserDetailsManagerConfigurer : Global AuthenticationManager configured with UserDetailsService bean with name customUserDetailsService
2024-07-08T22:49:26.016+09:00  INFO 37858 --- [quizly-Spring] [    Test worker] o.s.b.a.w.s.WelcomePageHandlerMapping    : Adding welcome page template: index
2024-07-08T22:49:26.321+09:00  INFO 37858 --- [quizly-Spring] [    Test worker] T.q.QuizlySpringApplicationTests         : Started QuizlySpringApplicationTests in 2.35 seconds (process running for 2.945)
]]></system-out>
  <system-err><![CDATA[WARNING: A Java agent has been loaded dynamically (/Users/yooyeongwoo/.gradle/caches/modules-2/files-2.1/net.bytebuddy/byte-buddy-agent/1.14.17/e3c251a39dc90badaf71c83427ba46840f219d8d/byte-buddy-agent-1.14.17.jar)
WARNING: If a serviceability tool is in use, please run with -XX:+EnableDynamicAgentLoading to hide this warning
WARNING: If a serviceability tool is not in use, please run with -Djdk.instrument.traceUsage for more information
WARNING: Dynamic loading of agents will be disallowed by default in a future release
]]></system-err>
</testsuite>
